2016-12-07 16:41:50.319 LOG_ALARM -----------------  log4z thread started!   ---------------------------- log4z.cpp:1787
2016-12-07 16:41:50.320 LOG_ALARM logger id=0 key=Main name=Main path=./logFile/ level=1 display=true log4z.cpp:1797
2016-12-07 16:41:54.541 LOG_DEBUG eton server start success. class_eton_server.cpp:34
2016-12-07 16:42:01.884 LOG_ERROR 002c68041136insert into eton_table_users values(?                   ,?                  )002c6bec class_eton_database.cpp:31
2016-12-07 16:42:01.884 LOG_ERROR insert user: 18825221627, yjw failed ! class_eton_database.cpp:252
2016-12-07 16:42:04.842 LOG_ERROR 029961f01136insert into eton_table_users values(?                   ,?                  )029965d8 class_eton_database.cpp:31
2016-12-07 16:42:04.842 LOG_ERROR insert user: 18825221627, yjw failed ! class_eton_database.cpp:252
2016-12-07 16:42:09.502 LOG_ERROR 002c68041136insert into eton_table_users values(?                   ,?                  )002c6bec class_eton_database.cpp:31
2016-12-07 16:42:09.502 LOG_ERROR insert user: 18825221627, yjw failed ! class_eton_database.cpp:252
2016-12-07 16:42:31.867 LOG_ERROR 029961f01136insert into eton_table_users values(?                   ,?                  )029965d8 class_eton_database.cpp:31
2016-12-07 16:42:31.867 LOG_ERROR insert user: 18825221627, yjw failed ! class_eton_database.cpp:252
2016-12-07 16:42:36.763 LOG_ERROR 002c68041136insert into eton_table_users values(?                   ,?                  )002c6bec class_eton_database.cpp:31
2016-12-07 16:42:36.763 LOG_ERROR insert user: 18825221627, yjw failed ! class_eton_database.cpp:252
2016-12-07 16:42:39.238 LOG_ERROR 029961f01136insert into eton_table_users values(?                   ,?                  )029965d8 class_eton_database.cpp:31
2016-12-07 16:42:39.238 LOG_ERROR insert user: 18825221627, yjw failed ! class_eton_database.cpp:252
2016-12-07 16:42:41.352 LOG_ERROR 002c68041136insert into eton_table_users values(?                   ,?                  )002c6bec class_eton_database.cpp:31
2016-12-07 16:42:41.352 LOG_ERROR insert user: 18825221627, yjw failed ! class_eton_database.cpp:252
2016-12-07 16:42:50.207 LOG_ERROR 029961f01136insert into eton_table_users values(?                   ,?                  )029965d8 class_eton_database.cpp:31
2016-12-07 16:42:50.207 LOG_ERROR insert user: 18825221627, yjw failed ! class_eton_database.cpp:252
2016-12-07 16:42:51.668 LOG_ERROR 02e868e01136insert into eton_table_users values(?                   ,?                  )02e86cc8 class_eton_database.cpp:31
2016-12-07 16:42:51.668 LOG_ERROR insert user: 18825221627, yjw failed ! class_eton_database.cpp:252
2016-12-07 16:42:52.384 LOG_ERROR 002c68041136insert into eton_table_users values(?                   ,?                  )002c6bec class_eton_database.cpp:31
2016-12-07 16:42:52.384 LOG_ERROR insert user: 18825221627, yjw failed ! class_eton_database.cpp:252
2016-12-07 16:42:52.640 LOG_ERROR 02e868e01136insert into eton_table_users values(?                   ,?                  )02e86cc8 class_eton_database.cpp:31
2016-12-07 16:42:52.640 LOG_ERROR insert user: 18825221627, yjw failed ! class_eton_database.cpp:252
2016-12-07 16:42:55.085 LOG_ERROR 029961f01136insert into eton_table_users values(?                   ,?                  )029965d8 class_eton_database.cpp:31
2016-12-07 16:42:55.085 LOG_ERROR insert user: 18825221627, yjw failed ! class_eton_database.cpp:252
2016-12-07 16:42:58.574 LOG_ERROR 002c68041136insert into eton_table_users values(?                   ,?                  )002c6bec class_eton_database.cpp:31
2016-12-07 16:42:58.574 LOG_ERROR insert user: 18825221627, yjw failed ! class_eton_database.cpp:252
